<?xml version="1.0" encoding="UTF-8"?>
<!-- Generated by org.testng.reporters.JUnitXMLReporter -->
<testsuite hostname="Kwans-MacBook-Pro-2.local" ignored="0" name="Application" tests="4" failures="0" timestamp="01 mar 2019 22:24:10 GMT" time="0.076" errors="0">
  <testcase name="testMethod1" time="0.007" classname="testclasses.TestNG_TestClass1"/>
  <testcase name="testMethod2" time="0.002" classname="testclasses.TestNG_TestClass1"/>
  <testcase name="testMethod1" time="0.001" classname="testclasses.TestNG_TestClass2"/>
  <testcase name="testMethod2" time="0.004" classname="testclasses.TestNG_TestClass2"/>
</testsuite> <!-- Application -->
