<?xml version="1.0" encoding="UTF-8"?>
<!-- Generated by org.testng.reporters.JUnitXMLReporter -->
<testsuite hostname="Kwans-MacBook-Pro-2.local" ignored="2" name="Application Test" tests="4" failures="0" timestamp="01 mar 2019 19:24:27 GMT" time="0.082" errors="0">
  <testcase name="testMethod1" time="0.009" classname="regressionsuite.TestNG_TestClass1"/>
  <testcase name="testMethod2" time="0.005" classname="regressionsuite.TestNG_TestClass1"/>
  <testcase name="testMethod1" time="0.004" classname="regressionsuite.TestNG_TestClass2"/>
  <testcase name="testMethod2" time="0.003" classname="regressionsuite.TestNG_TestClass2"/>
  <testcase name="@BeforeSuite beforeSuite" time="0.0" classname="base.BaseTestSuite">
    <ignored/>
  </testcase> <!-- @BeforeSuite beforeSuite -->
  <testcase name="@AfterSuite afterSuite" time="0.0" classname="base.BaseTestSuite">
    <ignored/>
  </testcase> <!-- @AfterSuite afterSuite -->
</testsuite> <!-- Application Test -->
