<?xml version="1.0" encoding="UTF-8"?>
<!-- Generated by org.testng.reporters.JUnitXMLReporter -->
<testsuite hostname="Kwans-MacBook-Pro-2.local" ignored="2" name="GroupDemo" tests="2" failures="0" timestamp="01 mar 2019 22:34:04 GMT" time="0.055" errors="0">
  <testcase name="testAudiA6" time="0.015" classname="testclasses.TestNG_Grouping"/>
  <testcase name="testBMWX6" time="0.002" classname="testclasses.TestNG_Grouping"/>
  <testcase name="testNinja" time="0.0" classname="testclasses.TestNG_Grouping">
    <ignored/>
  </testcase> <!-- testNinja -->
  <testcase name="testHondaCBR" time="0.0" classname="testclasses.TestNG_Grouping">
    <ignored/>
  </testcase> <!-- testHondaCBR -->
</testsuite> <!-- GroupDemo -->
