<?xml version="1.0" encoding="UTF-8"?>
<testng-results skipped="0" failed="0" ignored="0" total="4" passed="4">
  <reporter-output>
  </reporter-output>
  <suite name="Regression TestSuite" duration-ms="5252" started-at="2019-03-05T23:33:57Z" finished-at="2019-03-05T23:34:02Z">
    <groups>
    </groups>
    <test name="Application Test 1" duration-ms="75" started-at="2019-03-05T23:33:57Z" finished-at="2019-03-05T23:33:57Z">
      <class name="regressionsuite.TestNG_TestClass1">
        <test-method status="PASS" signature="beforeTest()[pri:0, instance:regressionsuite.TestNG_TestClass1@7c16905e]" name="beforeTest" is-config="true" duration-ms="1" started-at="2019-03-05T17:33:57Z" finished-at="2019-03-05T17:33:57Z">
          <reporter-output>
          </reporter-output>
        </test-method> <!-- beforeTest -->
        <test-method status="PASS" signature="beforeClass()[pri:0, instance:regressionsuite.TestNG_TestClass1@7c16905e]" name="beforeClass" is-config="true" duration-ms="1" started-at="2019-03-05T17:33:57Z" finished-at="2019-03-05T17:33:57Z">
          <reporter-output>
          </reporter-output>
        </test-method> <!-- beforeClass -->
        <test-method status="PASS" signature="setUp()[pri:0, instance:regressionsuite.TestNG_TestClass1@7c16905e]" name="setUp" is-config="true" duration-ms="0" started-at="2019-03-05T17:33:57Z" finished-at="2019-03-05T17:33:57Z">
          <reporter-output>
          </reporter-output>
        </test-method> <!-- setUp -->
        <test-method status="PASS" signature="beforeMethod()[pri:0, instance:regressionsuite.TestNG_TestClass1@7c16905e]" name="beforeMethod" is-config="true" duration-ms="1" started-at="2019-03-05T17:33:57Z" finished-at="2019-03-05T17:33:57Z">
          <reporter-output>
          </reporter-output>
        </test-method> <!-- beforeMethod -->
        <test-method status="PASS" signature="testMethod1()[pri:0, instance:regressionsuite.TestNG_TestClass1@7c16905e]" name="testMethod1" duration-ms="13" started-at="2019-03-05T17:33:57Z" finished-at="2019-03-05T17:33:57Z">
          <reporter-output>
          </reporter-output>
        </test-method> <!-- testMethod1 -->
        <test-method status="PASS" signature="afterMethod()[pri:0, instance:regressionsuite.TestNG_TestClass1@7c16905e]" name="afterMethod" is-config="true" duration-ms="1" started-at="2019-03-05T17:33:57Z" finished-at="2019-03-05T17:33:57Z">
          <reporter-output>
          </reporter-output>
        </test-method> <!-- afterMethod -->
        <test-method status="PASS" signature="beforeMethod()[pri:0, instance:regressionsuite.TestNG_TestClass1@7c16905e]" name="beforeMethod" is-config="true" duration-ms="1" started-at="2019-03-05T17:33:57Z" finished-at="2019-03-05T17:33:57Z">
          <reporter-output>
          </reporter-output>
        </test-method> <!-- beforeMethod -->
        <test-method status="PASS" signature="testMethod2()[pri:0, instance:regressionsuite.TestNG_TestClass1@7c16905e]" name="testMethod2" duration-ms="8" started-at="2019-03-05T17:33:57Z" finished-at="2019-03-05T17:33:57Z">
          <reporter-output>
          </reporter-output>
        </test-method> <!-- testMethod2 -->
        <test-method status="PASS" signature="afterMethod()[pri:0, instance:regressionsuite.TestNG_TestClass1@7c16905e]" name="afterMethod" is-config="true" duration-ms="1" started-at="2019-03-05T17:33:57Z" finished-at="2019-03-05T17:33:57Z">
          <reporter-output>
          </reporter-output>
        </test-method> <!-- afterMethod -->
        <test-method status="PASS" signature="cleanUp()[pri:0, instance:regressionsuite.TestNG_TestClass1@7c16905e]" name="cleanUp" is-config="true" duration-ms="1" started-at="2019-03-05T17:33:57Z" finished-at="2019-03-05T17:33:57Z">
          <reporter-output>
          </reporter-output>
        </test-method> <!-- cleanUp -->
        <test-method status="PASS" signature="afterClass()[pri:0, instance:regressionsuite.TestNG_TestClass1@7c16905e]" name="afterClass" is-config="true" duration-ms="0" started-at="2019-03-05T17:33:57Z" finished-at="2019-03-05T17:33:57Z">
          <reporter-output>
          </reporter-output>
        </test-method> <!-- afterClass -->
        <test-method status="PASS" signature="afterTest()[pri:0, instance:regressionsuite.TestNG_TestClass1@7c16905e]" name="afterTest" is-config="true" duration-ms="1" started-at="2019-03-05T17:33:57Z" finished-at="2019-03-05T17:33:57Z">
          <reporter-output>
          </reporter-output>
        </test-method> <!-- afterTest -->
      </class> <!-- regressionsuite.TestNG_TestClass1 -->
    </test> <!-- Application Test 1 -->
    <test name="Application Test 2" duration-ms="20" started-at="2019-03-05T23:34:02Z" finished-at="2019-03-05T23:34:02Z">
      <class name="regressionsuite.TestNG_TestClass2">
        <test-method status="PASS" signature="beforeSuite()[pri:0, instance:regressionsuite.TestNG_TestClass2@d8355a8]" name="beforeSuite" is-config="true" duration-ms="17" started-at="2019-03-05T17:33:57Z" finished-at="2019-03-05T17:33:57Z">
          <reporter-output>
          </reporter-output>
        </test-method> <!-- beforeSuite -->
        <test-method status="PASS" signature="beforeTest()[pri:0, instance:regressionsuite.TestNG_TestClass2@d8355a8]" name="beforeTest" is-config="true" duration-ms="0" started-at="2019-03-05T17:34:02Z" finished-at="2019-03-05T17:34:02Z">
          <reporter-output>
          </reporter-output>
        </test-method> <!-- beforeTest -->
        <test-method status="PASS" signature="beforeClass()[pri:0, instance:regressionsuite.TestNG_TestClass2@d8355a8]" name="beforeClass" is-config="true" duration-ms="1" started-at="2019-03-05T17:34:02Z" finished-at="2019-03-05T17:34:02Z">
          <reporter-output>
          </reporter-output>
        </test-method> <!-- beforeClass -->
        <test-method status="PASS" signature="setUp()[pri:0, instance:regressionsuite.TestNG_TestClass2@d8355a8]" name="setUp" is-config="true" duration-ms="0" started-at="2019-03-05T17:34:02Z" finished-at="2019-03-05T17:34:02Z">
          <reporter-output>
          </reporter-output>
        </test-method> <!-- setUp -->
        <test-method status="PASS" signature="beforeMethod()[pri:0, instance:regressionsuite.TestNG_TestClass2@d8355a8]" name="beforeMethod" is-config="true" duration-ms="0" started-at="2019-03-05T17:34:02Z" finished-at="2019-03-05T17:34:02Z">
          <reporter-output>
          </reporter-output>
        </test-method> <!-- beforeMethod -->
        <test-method status="PASS" signature="testMethod1()[pri:0, instance:regressionsuite.TestNG_TestClass2@d8355a8]" name="testMethod1" duration-ms="4" started-at="2019-03-05T17:34:02Z" finished-at="2019-03-05T17:34:02Z">
          <reporter-output>
          </reporter-output>
        </test-method> <!-- testMethod1 -->
        <test-method status="PASS" signature="afterMethod()[pri:0, instance:regressionsuite.TestNG_TestClass2@d8355a8]" name="afterMethod" is-config="true" duration-ms="0" started-at="2019-03-05T17:34:02Z" finished-at="2019-03-05T17:34:02Z">
          <reporter-output>
          </reporter-output>
        </test-method> <!-- afterMethod -->
        <test-method status="PASS" signature="beforeMethod()[pri:0, instance:regressionsuite.TestNG_TestClass2@d8355a8]" name="beforeMethod" is-config="true" duration-ms="1" started-at="2019-03-05T17:34:02Z" finished-at="2019-03-05T17:34:02Z">
          <reporter-output>
          </reporter-output>
        </test-method> <!-- beforeMethod -->
        <test-method status="PASS" signature="testMethod2()[pri:0, instance:regressionsuite.TestNG_TestClass2@d8355a8]" name="testMethod2" duration-ms="2" started-at="2019-03-05T17:34:02Z" finished-at="2019-03-05T17:34:02Z">
          <reporter-output>
          </reporter-output>
        </test-method> <!-- testMethod2 -->
        <test-method status="PASS" signature="afterMethod()[pri:0, instance:regressionsuite.TestNG_TestClass2@d8355a8]" name="afterMethod" is-config="true" duration-ms="1" started-at="2019-03-05T17:34:02Z" finished-at="2019-03-05T17:34:02Z">
          <reporter-output>
          </reporter-output>
        </test-method> <!-- afterMethod -->
        <test-method status="PASS" signature="cleanUp()[pri:0, instance:regressionsuite.TestNG_TestClass2@d8355a8]" name="cleanUp" is-config="true" duration-ms="1" started-at="2019-03-05T17:34:02Z" finished-at="2019-03-05T17:34:02Z">
          <reporter-output>
          </reporter-output>
        </test-method> <!-- cleanUp -->
        <test-method status="PASS" signature="afterClass()[pri:0, instance:regressionsuite.TestNG_TestClass2@d8355a8]" name="afterClass" is-config="true" duration-ms="0" started-at="2019-03-05T17:34:02Z" finished-at="2019-03-05T17:34:02Z">
          <reporter-output>
          </reporter-output>
        </test-method> <!-- afterClass -->
        <test-method status="PASS" signature="afterTest()[pri:0, instance:regressionsuite.TestNG_TestClass2@d8355a8]" name="afterTest" is-config="true" duration-ms="1" started-at="2019-03-05T17:34:02Z" finished-at="2019-03-05T17:34:02Z">
          <reporter-output>
          </reporter-output>
        </test-method> <!-- afterTest -->
        <test-method status="PASS" signature="afterSuite()[pri:0, instance:regressionsuite.TestNG_TestClass2@d8355a8]" name="afterSuite" is-config="true" duration-ms="0" started-at="2019-03-05T17:34:07Z" finished-at="2019-03-05T17:34:07Z">
          <reporter-output>
          </reporter-output>
        </test-method> <!-- afterSuite -->
      </class> <!-- regressionsuite.TestNG_TestClass2 -->
    </test> <!-- Application Test 2 -->
  </suite> <!-- Regression TestSuite -->
</testng-results>
