<?xml version="1.0" encoding="UTF-8"?>
<!-- Generated by org.testng.reporters.JUnitXMLReporter -->
<testsuite hostname="Kwans-MacBook-Pro-2.local" ignored="0" name="Test 1" tests="4" failures="0" timestamp="04 mar 2019 16:00:58 GMT" time="0.078" errors="0">
  <testcase name="testMethod1" time="0.014" classname="testclasses.TestNG_Preserve2"/>
  <testcase name="testMethod2" time="0.007" classname="testclasses.TestNG_Preserve2"/>
  <testcase name="testMethod1" time="0.004" classname="testclasses.TestNG_Preserve1"/>
  <testcase name="testMethod2" time="0.007" classname="testclasses.TestNG_Preserve1"/>
</testsuite> <!-- Test 1 -->
