<?xml version="1.0" encoding="UTF-8"?>
<!-- Generated by org.testng.reporters.JUnitXMLReporter -->
<testsuite hostname="Kwans-MacBook-Pro-2.local" ignored="0" name="Application Test 2" tests="2" failures="1" timestamp="05 mar 2019 18:20:25 GMT" time="0.022" errors="0">
  <testcase name="testMethod1" time="0.003" classname="testclasses.TestNG_ListenersTest2"/>
  <testcase name="testMethod2" time="0.005" classname="testclasses.TestNG_ListenersTest2">
    <failure type="java.lang.AssertionError" message="expected [true] but found [false]">
      <![CDATA[java.lang.AssertionError: expected [true] but found [false]
	at testclasses.TestNG_ListenersTest2.testMethod2(TestNG_ListenersTest2.java:36)
... Removed 29 stack frames]]>
    </failure>
  </testcase> <!-- testMethod2 -->
</testsuite> <!-- Application Test 2 -->
